<?xml version="1.0" encoding="UTF-8"?>
<!-- Generated by org.testng.reporters.JUnitXMLReporter -->
<testsuite hostname="Ritishas-MacBook-Pro.local" ignored="0" name="Firefox Test" tests="1" failures="1" timestamp="06 Sep 2018 02:54:11 GMT" time="27.994" errors="0">
  <testcase name="multiLevelDropDown" time="17.309" classname="com.selenium.practise.DcokerMultiLevelDropdown">
    <failure type="org.openqa.selenium.NoSuchElementException" message="Unable to locate element: Dropdown Submenu Link 5.4.1
For documentation on this error, please visit: http://seleniumhq.org/exceptions/no_such_element.html
Build info: version: &amp;apos;3.14.0&amp;apos;, revision: &amp;apos;aacccce0&amp;apos;, time: &amp;apos;2018-08-02T20:19:58.91Z&amp;apos;
System info: host: &amp;apos;Ritishas-MacBook-Pro.local&amp;apos;, ip: &amp;apos;fe80:0:0:0:c77:a39a:5486:37c%en0&amp;apos;, os.name: &amp;apos;Mac OS X&amp;apos;, os.arch: &amp;apos;x86_64&amp;apos;, os.version: &amp;apos;10.13.6&amp;apos;, java.version: &amp;apos;1.8.0_144&amp;apos;
Driver info: org.openqa.selenium.remote.RemoteWebDriver
Capabilities {acceptInsecureCerts: true, browserName: firefox, browserVersion: 61.0.2, javascriptEnabled: true, moz:accessibilityChecks: false, moz:headless: false, moz:processID: 90, moz:profile: /tmp/rust_mozprofile.1uy1Vx..., moz:useNonSpecCompliantPointerOrigin: false, moz:webdriverClick: true, pageLoadStrategy: normal, platform: LINUX, platformName: LINUX, platformVersion: 4.9.93-linuxkit-aufs, rotatable: false, timeouts: {implicit: 0, pageLoad: 300000, script: 30000}, webdriver.remote.sessionid: 5eb52187-857a-481d-be24-cbc...}
Session ID: 5eb52187-857a-481d-be24-cbcfec0d0725
*** Element info: {Using=link text, value=Dropdown Submenu Link 5.4.1}">
      <![CDATA[org.openqa.selenium.NoSuchElementException: Unable to locate element: Dropdown Submenu Link 5.4.1
For documentation on this error, please visit: http://seleniumhq.org/exceptions/no_such_element.html
Build info: version: '3.14.0', revision: 'aacccce0', time: '2018-08-02T20:19:58.91Z'
System info: host: 'Ritishas-MacBook-Pro.local', ip: 'fe80:0:0:0:c77:a39a:5486:37c%en0', os.name: 'Mac OS X', os.arch: 'x86_64', os.version: '10.13.6', java.version: '1.8.0_144'
Driver info: org.openqa.selenium.remote.RemoteWebDriver
Capabilities {acceptInsecureCerts: true, browserName: firefox, browserVersion: 61.0.2, javascriptEnabled: true, moz:accessibilityChecks: false, moz:headless: false, moz:processID: 90, moz:profile: /tmp/rust_mozprofile.1uy1Vx..., moz:useNonSpecCompliantPointerOrigin: false, moz:webdriverClick: true, pageLoadStrategy: normal, platform: LINUX, platformName: LINUX, platformVersion: 4.9.93-linuxkit-aufs, rotatable: false, timeouts: {implicit: 0, pageLoad: 300000, script: 30000}, webdriver.remote.sessionid: 5eb52187-857a-481d-be24-cbc...}
Session ID: 5eb52187-857a-481d-be24-cbcfec0d0725
*** Element info: {Using=link text, value=Dropdown Submenu Link 5.4.1}
at org.openqa.selenium.remote.http.W3CHttpResponseCodec.createException(W3CHttpResponseCodec.java:187)
at org.openqa.selenium.remote.http.W3CHttpResponseCodec.decode(W3CHttpResponseCodec.java:122)
at org.openqa.selenium.remote.http.W3CHttpResponseCodec.decode(W3CHttpResponseCodec.java:49)
at org.openqa.selenium.remote.HttpCommandExecutor.execute(HttpCommandExecutor.java:158)
at org.openqa.selenium.remote.RemoteWebDriver.execute(RemoteWebDriver.java:548)
at org.openqa.selenium.remote.RemoteWebDriver.findElement(RemoteWebDriver.java:322)
at org.openqa.selenium.remote.RemoteWebDriver.findElementByLinkText(RemoteWebDriver.java:376)
at org.openqa.selenium.By$ByLinkText.findElement(By.java:220)
at org.openqa.selenium.remote.RemoteWebDriver.findElement(RemoteWebDriver.java:314)
at com.selenium.practise.DcokerMultiLevelDropdown.lambda$0(DcokerMultiLevelDropdown.java:90)
at com.selenium.practise.DcokerMultiLevelDropdown.multiLevelDropDown(DcokerMultiLevelDropdown.java:77)
at java.util.concurrent.FutureTask.run(FutureTask.java:266)
at java.util.concurrent.ThreadPoolExecutor.runWorker(ThreadPoolExecutor.java:1149)
at java.util.concurrent.ThreadPoolExecutor$Worker.run(ThreadPoolExecutor.java:624)
at java.lang.Thread.run(Thread.java:748)
... Removed 20 stack frames]]>
    </failure>
  </testcase> <!-- multiLevelDropDown -->
</testsuite> <!-- Firefox Test -->
